<?xml version="1.0" encoding="UTF-8"?>
<!-- Generated by org.testng.reporters.JUnitReportReporter -->
<testsuite skipped="0" hostname="MTLP-3207" name="com.ProjectBanking.testcases.TC1_LoginTest" tests="1" failures="0" timestamp="19 Jan 2023 11:04:20 GMT" time="7.128" errors="0">
  <testcase name="Login" time="7.128" classname="com.ProjectBanking.testcases.TC1_LoginTest"/>
</testsuite> <!-- com.ProjectBanking.testcases.TC1_LoginTest -->
